<?xml version="1.0" encoding="UTF-8"?>
<!-- Generated by org.testng.reporters.JUnitReportReporter -->
<testsuite hostname="DESKTOP-0HRE68P" failures="0" tests="1" name="scripts.tc1" time="0.012" errors="0" timestamp="2024-05-11T16:45:19 IST" skipped="0">
  <testcase classname="scripts.tc1" name="demo" time="0.012"/>
  <system-out>
    <![CDATA[hello java]]>
  </system-out>
</testsuite> <!-- scripts.tc1 -->
