<?xml version="1.0" encoding="UTF-8"?>
<!-- Generated by org.testng.reporters.JUnitReportReporter -->
<testsuite hostname="DESKTOP-0HRE68P" failures="0" tests="1" name="scripts.tc4" time="0.008" errors="0" timestamp="2024-05-11T16:45:19 IST" skipped="0">
  <testcase classname="scripts.tc4" name="demo" time="0.008"/>
  <system-out>
    <![CDATA[hello api, java, selenium]]>
  </system-out>
</testsuite> <!-- scripts.tc4 -->
